<?xml version="1.0" encoding="UTF-8"?>
<!-- Generated by org.testng.reporters.JUnitXMLReporter -->
<testsuite ignored="0" hostname="DESKTOP-882I9VE" failures="0" tests="4" name="Default test" time="12.097" errors="0" timestamp="2024-01-16T23:26:23 IST">
  <testcase classname="test.Indiagovttest" name="test" time="3.38"/>
  <testcase classname="test.Indiagovttest" name="test1" time="0.43"/>
  <testcase classname="test.Indiagovttest" name="test2" time="1.545"/>
  <testcase classname="test.Indiagovttest" name="test3" time="1.74"/>
</testsuite> <!-- Default test -->
