<?xml version="1.0" encoding="UTF-8"?>
<testng-results ignored="0" total="4" passed="4" failed="0" skipped="0">
  <reporter-output>
  </reporter-output>
  <suite started-at="2024-01-16T23:26:11 IST" name="Default suite" finished-at="2024-01-16T23:26:23 IST" duration-ms="12097">
    <groups>
    </groups>
    <test started-at="2024-01-16T23:26:11 IST" name="Default test" finished-at="2024-01-16T23:26:23 IST" duration-ms="12097">
      <class name="test.Indiagovttest">
        <test-method is-config="true" signature="setup()[pri:0, instance:test.Indiagovttest@6253c26]" started-at="2024-01-16T23:26:11 IST" name="setup" finished-at="2024-01-16T23:26:16 IST" duration-ms="4956" status="PASS">
          <reporter-output>
          </reporter-output>
        </test-method> <!-- setup -->
        <test-method signature="test()[pri:0, instance:test.Indiagovttest@6253c26]" started-at="2024-01-16T23:26:16 IST" name="test" finished-at="2024-01-16T23:26:20 IST" duration-ms="3380" status="PASS">
          <reporter-output>
          </reporter-output>
        </test-method> <!-- test -->
        <test-method signature="test1()[pri:0, instance:test.Indiagovttest@6253c26]" started-at="2024-01-16T23:26:20 IST" name="test1" finished-at="2024-01-16T23:26:20 IST" duration-ms="430" status="PASS">
          <reporter-output>
          </reporter-output>
        </test-method> <!-- test1 -->
        <test-method signature="test2()[pri:0, instance:test.Indiagovttest@6253c26]" started-at="2024-01-16T23:26:20 IST" name="test2" finished-at="2024-01-16T23:26:22 IST" duration-ms="1545" status="PASS">
          <reporter-output>
          </reporter-output>
        </test-method> <!-- test2 -->
        <test-method signature="test3()[pri:0, instance:test.Indiagovttest@6253c26]" started-at="2024-01-16T23:26:22 IST" name="test3" finished-at="2024-01-16T23:26:23 IST" duration-ms="1740" status="PASS">
          <reporter-output>
          </reporter-output>
        </test-method> <!-- test3 -->
      </class> <!-- test.Indiagovttest -->
    </test> <!-- Default test -->
  </suite> <!-- Default suite -->
</testng-results>
